{"level":"INFO","message":"[8:36:22.830 PM]: Trying to initialize Easy Logging"}
{"level":"INFO","message":"[8:36:22.843 PM]: No client config file found in default directories"}
{"level":"INFO","message":"[8:36:22.844 PM]: Easy Logging is disabled as no config has been found"}
{"level":"INFO","message":"[8:38:44.184 PM]: Trying to initialize Easy Logging"}
{"level":"INFO","message":"[8:38:44.193 PM]: No client config file found in default directories"}
{"level":"INFO","message":"[8:38:44.194 PM]: Easy Logging is disabled as no config has been found"}
{"level":"INFO","message":"[8:56:19.455 PM]: Trying to initialize Easy Logging"}
{"level":"INFO","message":"[8:56:19.467 PM]: No client config file found in default directories"}
{"level":"INFO","message":"[8:56:19.468 PM]: Easy Logging is disabled as no config has been found"}
{"level":"INFO","message":"[9:07:32.046 PM]: Trying to initialize Easy Logging"}
{"level":"INFO","message":"[9:07:32.076 PM]: No client config file found in default directories"}
{"level":"INFO","message":"[9:07:32.077 PM]: Easy Logging is disabled as no config has been found"}
{"level":"INFO","message":"[9:14:50.844 PM]: Trying to initialize Easy Logging"}
{"level":"INFO","message":"[9:14:50.877 PM]: No client config file found in default directories"}
{"level":"INFO","message":"[9:14:50.878 PM]: Easy Logging is disabled as no config has been found"}
{"level":"INFO","message":"[9:18:00.117 PM]: Trying to initialize Easy Logging"}
{"level":"INFO","message":"[9:18:00.126 PM]: No client config file found in default directories"}
{"level":"INFO","message":"[9:18:00.127 PM]: Easy Logging is disabled as no config has been found"}
{"level":"INFO","message":"[9:18:44.026 PM]: Trying to initialize Easy Logging"}
{"level":"INFO","message":"[9:18:44.030 PM]: No client config file found in default directories"}
{"level":"INFO","message":"[9:18:44.031 PM]: Easy Logging is disabled as no config has been found"}
{"level":"INFO","message":"[9:19:02.594 PM]: Trying to initialize Easy Logging"}
{"level":"INFO","message":"[9:19:02.597 PM]: No client config file found in default directories"}
{"level":"INFO","message":"[9:19:02.597 PM]: Easy Logging is disabled as no config has been found"}
{"level":"INFO","message":"[9:19:39.647 PM]: Trying to initialize Easy Logging"}
{"level":"INFO","message":"[9:19:39.653 PM]: No client config file found in default directories"}
{"level":"INFO","message":"[9:19:39.654 PM]: Easy Logging is disabled as no config has been found"}
{"level":"INFO","message":"[9:21:10.652 PM]: Trying to initialize Easy Logging"}
{"level":"INFO","message":"[9:21:10.698 PM]: No client config file found in default directories"}
{"level":"INFO","message":"[9:21:10.699 PM]: Easy Logging is disabled as no config has been found"}
{"level":"INFO","message":"[9:24:09.476 PM]: Trying to initialize Easy Logging"}
{"level":"INFO","message":"[9:24:09.493 PM]: No client config file found in default directories"}
{"level":"INFO","message":"[9:24:09.494 PM]: Easy Logging is disabled as no config has been found"}
{"level":"INFO","message":"[9:26:06.694 PM]: Trying to initialize Easy Logging"}
{"level":"INFO","message":"[9:26:06.701 PM]: No client config file found in default directories"}
{"level":"INFO","message":"[9:26:06.702 PM]: Easy Logging is disabled as no config has been found"}
{"level":"INFO","message":"[9:26:27.882 PM]: Trying to initialize Easy Logging"}
{"level":"INFO","message":"[9:26:27.893 PM]: No client config file found in default directories"}
{"level":"INFO","message":"[9:26:27.894 PM]: Easy Logging is disabled as no config has been found"}
{"level":"INFO","message":"[6:52:30.726 PM]: Trying to initialize Easy Logging"}
{"level":"INFO","message":"[6:52:30.733 PM]: Trying to initialize Easy Logging"}
{"level":"INFO","message":"[6:52:30.739 PM]: No client config file found in default directories"}
{"level":"INFO","message":"[6:52:30.740 PM]: Easy Logging is disabled as no config has been found"}
{"level":"INFO","message":"[6:52:30.754 PM]: No client config file found in default directories"}
{"level":"INFO","message":"[6:52:30.754 PM]: Easy Logging is disabled as no config has been found"}
{"level":"INFO","message":"[6:55:23.519 PM]: Trying to initialize Easy Logging"}
{"level":"INFO","message":"[6:55:23.526 PM]: Trying to initialize Easy Logging"}
{"level":"INFO","message":"[6:55:23.542 PM]: No client config file found in default directories"}
{"level":"INFO","message":"[6:55:23.544 PM]: Easy Logging is disabled as no config has been found"}
{"level":"INFO","message":"[6:55:23.556 PM]: No client config file found in default directories"}
{"level":"INFO","message":"[6:55:23.556 PM]: Easy Logging is disabled as no config has been found"}
{"level":"INFO","message":"[7:13:30.022 PM]: Trying to initialize Easy Logging"}
{"level":"INFO","message":"[7:13:30.030 PM]: Trying to initialize Easy Logging"}
{"level":"INFO","message":"[7:13:30.037 PM]: No client config file found in default directories"}
{"level":"INFO","message":"[7:13:30.038 PM]: Easy Logging is disabled as no config has been found"}
{"level":"INFO","message":"[7:13:30.051 PM]: No client config file found in default directories"}
{"level":"INFO","message":"[7:13:30.052 PM]: Easy Logging is disabled as no config has been found"}
{"level":"INFO","message":"[7:13:57.055 PM]: Trying to initialize Easy Logging"}
{"level":"INFO","message":"[7:13:57.064 PM]: No client config file found in default directories"}
{"level":"INFO","message":"[7:13:57.065 PM]: Easy Logging is disabled as no config has been found"}
{"level":"INFO","message":"[7:17:58.354 PM]: Trying to initialize Easy Logging"}
{"level":"INFO","message":"[7:17:58.359 PM]: Trying to initialize Easy Logging"}
{"level":"INFO","message":"[7:17:58.364 PM]: No client config file found in default directories"}
{"level":"INFO","message":"[7:17:58.364 PM]: Easy Logging is disabled as no config has been found"}
{"level":"INFO","message":"[7:17:58.376 PM]: No client config file found in default directories"}
{"level":"INFO","message":"[7:17:58.377 PM]: Easy Logging is disabled as no config has been found"}
{"level":"INFO","message":"[7:19:52.598 PM]: Trying to initialize Easy Logging"}
{"level":"INFO","message":"[7:19:52.605 PM]: Trying to initialize Easy Logging"}
{"level":"INFO","message":"[7:19:52.611 PM]: No client config file found in default directories"}
{"level":"INFO","message":"[7:19:52.613 PM]: Easy Logging is disabled as no config has been found"}
{"level":"INFO","message":"[7:19:52.637 PM]: No client config file found in default directories"}
{"level":"INFO","message":"[7:19:52.639 PM]: Easy Logging is disabled as no config has been found"}
{"level":"INFO","message":"[7:23:07.950 PM]: Trying to initialize Easy Logging"}
{"level":"INFO","message":"[7:23:07.955 PM]: Trying to initialize Easy Logging"}
{"level":"INFO","message":"[7:23:07.957 PM]: No client config file found in default directories"}
{"level":"INFO","message":"[7:23:07.958 PM]: Easy Logging is disabled as no config has been found"}
{"level":"INFO","message":"[7:23:07.968 PM]: No client config file found in default directories"}
{"level":"INFO","message":"[7:23:07.968 PM]: Easy Logging is disabled as no config has been found"}
{"level":"INFO","message":"[7:25:44.649 PM]: Trying to initialize Easy Logging"}
{"level":"INFO","message":"[7:25:44.656 PM]: Trying to initialize Easy Logging"}
{"level":"INFO","message":"[7:25:44.663 PM]: No client config file found in default directories"}
{"level":"INFO","message":"[7:25:44.664 PM]: Easy Logging is disabled as no config has been found"}
{"level":"INFO","message":"[7:25:44.677 PM]: No client config file found in default directories"}
{"level":"INFO","message":"[7:25:44.678 PM]: Easy Logging is disabled as no config has been found"}
{"level":"INFO","message":"[7:59:53.002 PM]: Trying to initialize Easy Logging"}
{"level":"INFO","message":"[7:59:53.010 PM]: Trying to initialize Easy Logging"}
{"level":"INFO","message":"[7:59:53.012 PM]: No client config file found in default directories"}
{"level":"INFO","message":"[7:59:53.012 PM]: Easy Logging is disabled as no config has been found"}
{"level":"INFO","message":"[7:59:53.025 PM]: No client config file found in default directories"}
{"level":"INFO","message":"[7:59:53.026 PM]: Easy Logging is disabled as no config has been found"}
{"level":"INFO","message":"[8:03:46.355 PM]: Trying to initialize Easy Logging"}
{"level":"INFO","message":"[8:03:46.361 PM]: Trying to initialize Easy Logging"}
{"level":"INFO","message":"[8:03:46.367 PM]: No client config file found in default directories"}
{"level":"INFO","message":"[8:03:46.368 PM]: Easy Logging is disabled as no config has been found"}
{"level":"INFO","message":"[8:03:46.380 PM]: No client config file found in default directories"}
{"level":"INFO","message":"[8:03:46.380 PM]: Easy Logging is disabled as no config has been found"}
{"level":"INFO","message":"[8:05:21.011 PM]: Trying to initialize Easy Logging"}
{"level":"INFO","message":"[8:05:21.017 PM]: Trying to initialize Easy Logging"}
{"level":"INFO","message":"[8:05:21.021 PM]: No client config file found in default directories"}
{"level":"INFO","message":"[8:05:21.023 PM]: Easy Logging is disabled as no config has been found"}
{"level":"INFO","message":"[8:05:21.040 PM]: No client config file found in default directories"}
{"level":"INFO","message":"[8:05:21.041 PM]: Easy Logging is disabled as no config has been found"}
{"level":"INFO","message":"[8:07:11.797 PM]: Trying to initialize Easy Logging"}
{"level":"INFO","message":"[8:07:11.807 PM]: No client config file found in default directories"}
{"level":"INFO","message":"[8:07:11.808 PM]: Easy Logging is disabled as no config has been found"}
{"level":"INFO","message":"[8:08:05.705 PM]: Trying to initialize Easy Logging"}
{"level":"INFO","message":"[8:08:05.717 PM]: No client config file found in default directories"}
{"level":"INFO","message":"[8:08:05.718 PM]: Easy Logging is disabled as no config has been found"}
{"level":"INFO","message":"[6:58:51.589 AM]: Trying to initialize Easy Logging"}
{"level":"INFO","message":"[6:58:51.595 AM]: Trying to initialize Easy Logging"}
{"level":"INFO","message":"[6:58:51.601 AM]: No client config file found in default directories"}
{"level":"INFO","message":"[6:58:51.602 AM]: Easy Logging is disabled as no config has been found"}
{"level":"INFO","message":"[6:58:51.618 AM]: No client config file found in default directories"}
{"level":"INFO","message":"[6:58:51.618 AM]: Easy Logging is disabled as no config has been found"}
{"level":"INFO","message":"[7:16:37.406 AM]: Trying to initialize Easy Logging"}
{"level":"INFO","message":"[7:16:37.412 AM]: Trying to initialize Easy Logging"}
{"level":"INFO","message":"[7:16:37.419 AM]: No client config file found in default directories"}
{"level":"INFO","message":"[7:16:37.420 AM]: Easy Logging is disabled as no config has been found"}
{"level":"INFO","message":"[7:16:37.435 AM]: No client config file found in default directories"}
{"level":"INFO","message":"[7:16:37.436 AM]: Easy Logging is disabled as no config has been found"}
